<?xml version="1.0" encoding="UTF-8"?>
<testsuite xmlns:xsi="http://www.w3.org/2001/XMLSchema-instance" xsi:noNamespaceSchemaLocation="https://maven.apache.org/surefire/maven-surefire-plugin/xsd/surefire-test-report.xsd" version="3.0.2" name="io.camunda.hu.exercise.manufacture_supplements.ManufactureSupplementsApplicationTests" time="0.131" tests="1" errors="1" skipped="0" failures="0">
  <properties>
    <property name="java.specification.version" value="23"/>
    <property name="sun.jnu.encoding" value="UTF-8"/>
    <property name="java.class.path" value="/Users/jannispoltier/Documents/Development/Manufacture-Supplements/target/test-classes:/Users/jannispoltier/Documents/Development/Manufacture-Supplements/target/classes:/Users/jannispoltier/.m2/repository/org/springframework/boot/spring-boot-starter/3.4.0/spring-boot-starter-3.4.0.jar:/Users/jannispoltier/.m2/repository/org/springframework/boot/spring-boot/3.4.0/spring-boot-3.4.0.jar:/Users/jannispoltier/.m2/repository/org/springframework/boot/spring-boot-autoconfigure/3.4.0/spring-boot-autoconfigure-3.4.0.jar:/Users/jannispoltier/.m2/repository/org/springframework/boot/spring-boot-starter-logging/3.4.0/spring-boot-starter-logging-3.4.0.jar:/Users/jannispoltier/.m2/repository/ch/qos/logback/logback-classic/1.5.12/logback-classic-1.5.12.jar:/Users/jannispoltier/.m2/repository/ch/qos/logback/logback-core/1.5.12/logback-core-1.5.12.jar:/Users/jannispoltier/.m2/repository/org/apache/logging/log4j/log4j-to-slf4j/2.24.1/log4j-to-slf4j-2.24.1.jar:/Users/jannispoltier/.m2/repository/org/slf4j/jul-to-slf4j/2.0.16/jul-to-slf4j-2.0.16.jar:/Users/jannispoltier/.m2/repository/jakarta/annotation/jakarta.annotation-api/2.1.1/jakarta.annotation-api-2.1.1.jar:/Users/jannispoltier/.m2/repository/org/springframework/spring-core/6.2.0/spring-core-6.2.0.jar:/Users/jannispoltier/.m2/repository/org/springframework/spring-jcl/6.2.0/spring-jcl-6.2.0.jar:/Users/jannispoltier/.m2/repository/org/yaml/snakeyaml/2.3/snakeyaml-2.3.jar:/Users/jannispoltier/.m2/repository/org/springframework/boot/spring-boot-starter-test/3.4.0/spring-boot-starter-test-3.4.0.jar:/Users/jannispoltier/.m2/repository/org/springframework/boot/spring-boot-test/3.4.0/spring-boot-test-3.4.0.jar:/Users/jannispoltier/.m2/repository/org/springframework/boot/spring-boot-test-autoconfigure/3.4.0/spring-boot-test-autoconfigure-3.4.0.jar:/Users/jannispoltier/.m2/repository/com/jayway/jsonpath/json-path/2.9.0/json-path-2.9.0.jar:/Users/jannispoltier/.m2/repository/jakarta/xml/bind/jakarta.xml.bind-api/4.0.2/jakarta.xml.bind-api-4.0.2.jar:/Users/jannispoltier/.m2/repository/jakarta/activation/jakarta.activation-api/2.1.3/jakarta.activation-api-2.1.3.jar:/Users/jannispoltier/.m2/repository/net/minidev/json-smart/2.5.1/json-smart-2.5.1.jar:/Users/jannispoltier/.m2/repository/net/minidev/accessors-smart/2.5.1/accessors-smart-2.5.1.jar:/Users/jannispoltier/.m2/repository/org/ow2/asm/asm/9.6/asm-9.6.jar:/Users/jannispoltier/.m2/repository/org/assertj/assertj-core/3.26.3/assertj-core-3.26.3.jar:/Users/jannispoltier/.m2/repository/net/bytebuddy/byte-buddy/1.15.10/byte-buddy-1.15.10.jar:/Users/jannispoltier/.m2/repository/org/awaitility/awaitility/4.2.2/awaitility-4.2.2.jar:/Users/jannispoltier/.m2/repository/org/hamcrest/hamcrest/2.2/hamcrest-2.2.jar:/Users/jannispoltier/.m2/repository/org/junit/jupiter/junit-jupiter/5.11.3/junit-jupiter-5.11.3.jar:/Users/jannispoltier/.m2/repository/org/junit/jupiter/junit-jupiter-api/5.11.3/junit-jupiter-api-5.11.3.jar:/Users/jannispoltier/.m2/repository/org/opentest4j/opentest4j/1.3.0/opentest4j-1.3.0.jar:/Users/jannispoltier/.m2/repository/org/junit/platform/junit-platform-commons/1.11.3/junit-platform-commons-1.11.3.jar:/Users/jannispoltier/.m2/repository/org/apiguardian/apiguardian-api/1.1.2/apiguardian-api-1.1.2.jar:/Users/jannispoltier/.m2/repository/org/junit/jupiter/junit-jupiter-params/5.11.3/junit-jupiter-params-5.11.3.jar:/Users/jannispoltier/.m2/repository/org/junit/jupiter/junit-jupiter-engine/5.11.3/junit-jupiter-engine-5.11.3.jar:/Users/jannispoltier/.m2/repository/org/junit/platform/junit-platform-engine/1.11.3/junit-platform-engine-1.11.3.jar:/Users/jannispoltier/.m2/repository/org/mockito/mockito-core/5.14.2/mockito-core-5.14.2.jar:/Users/jannispoltier/.m2/repository/net/bytebuddy/byte-buddy-agent/1.15.10/byte-buddy-agent-1.15.10.jar:/Users/jannispoltier/.m2/repository/org/objenesis/objenesis/3.3/objenesis-3.3.jar:/Users/jannispoltier/.m2/repository/org/mockito/mockito-junit-jupiter/5.14.2/mockito-junit-jupiter-5.14.2.jar:/Users/jannispoltier/.m2/repository/org/skyscreamer/jsonassert/1.5.3/jsonassert-1.5.3.jar:/Users/jannispoltier/.m2/repository/com/vaadin/external/google/android-json/0.0.20131108.vaadin1/android-json-0.0.20131108.vaadin1.jar:/Users/jannispoltier/.m2/repository/org/springframework/spring-test/6.2.0/spring-test-6.2.0.jar:/Users/jannispoltier/.m2/repository/org/xmlunit/xmlunit-core/2.10.0/xmlunit-core-2.10.0.jar:/Users/jannispoltier/.m2/repository/io/camunda/spring-boot-starter-camunda-sdk/8.6.6/spring-boot-starter-camunda-sdk-8.6.6.jar:/Users/jannispoltier/.m2/repository/org/slf4j/slf4j-api/2.0.16/slf4j-api-2.0.16.jar:/Users/jannispoltier/.m2/repository/io/camunda/zeebe-workflow-engine/8.6.6/zeebe-workflow-engine-8.6.6.jar:/Users/jannispoltier/.m2/repository/org/agrona/agrona/1.23.1/agrona-1.23.1.jar:/Users/jannispoltier/.m2/repository/io/camunda/zeebe-protocol/8.6.6/zeebe-protocol-8.6.6.jar:/Users/jannispoltier/.m2/repository/io/camunda/zeebe-msgpack-core/8.6.6/zeebe-msgpack-core-8.6.6.jar:/Users/jannispoltier/.m2/repository/io/camunda/zeebe-expression-language/8.6.6/zeebe-expression-language-8.6.6.jar:/Users/jannispoltier/.m2/repository/io/camunda/zeebe-feel-integration/8.6.6/zeebe-feel-integration-8.6.6.jar:/Users/jannispoltier/.m2/repository/org/scala-lang/scala-library/2.13.15/scala-library-2.13.15.jar:/Users/jannispoltier/.m2/repository/io/camunda/zeebe-dmn/8.6.6/zeebe-dmn-8.6.6.jar:/Users/jannispoltier/.m2/repository/io/camunda/zeebe-msgpack-value/8.6.6/zeebe-msgpack-value-8.6.6.jar:/Users/jannispoltier/.m2/repository/io/camunda/zeebe-auth/8.6.6/zeebe-auth-8.6.6.jar:/Users/jannispoltier/.m2/repository/com/auth0/java-jwt/4.4.0/java-jwt-4.4.0.jar:/Users/jannispoltier/.m2/repository/org/camunda/bpm/model/camunda-xml-model/7.22.0/camunda-xml-model-7.22.0.jar:/Users/jannispoltier/.m2/repository/org/camunda/bpm/model/camunda-dmn-model/7.22.0/camunda-dmn-model-7.22.0.jar:/Users/jannispoltier/.m2/repository/org/camunda/bpm/extension/dmn/scala/dmn-engine/1.10.0/dmn-engine-1.10.0.jar:/Users/jannispoltier/.m2/repository/io/prometheus/simpleclient/0.16.0/simpleclient-0.16.0.jar:/Users/jannispoltier/.m2/repository/io/prometheus/simpleclient_tracer_otel/0.16.0/simpleclient_tracer_otel-0.16.0.jar:/Users/jannispoltier/.m2/repository/io/prometheus/simpleclient_tracer_common/0.16.0/simpleclient_tracer_common-0.16.0.jar:/Users/jannispoltier/.m2/repository/io/prometheus/simpleclient_tracer_otel_agent/0.16.0/simpleclient_tracer_otel_agent-0.16.0.jar:/Users/jannispoltier/.m2/repository/com/cronutils/cron-utils/9.2.1/cron-utils-9.2.1.jar:/Users/jannispoltier/.m2/repository/com/google/guava/guava/33.3.1-jre/guava-33.3.1-jre.jar:/Users/jannispoltier/.m2/repository/com/google/guava/failureaccess/1.0.2/failureaccess-1.0.2.jar:/Users/jannispoltier/.m2/repository/com/google/guava/listenablefuture/9999.0-empty-to-avoid-conflict-with-guava/listenablefuture-9999.0-empty-to-avoid-conflict-with-guava.jar:/Users/jannispoltier/.m2/repository/org/checkerframework/checker-qual/3.43.0/checker-qual-3.43.0.jar:/Users/jannispoltier/.m2/repository/com/google/j2objc/j2objc-annotations/3.0.0/j2objc-annotations-3.0.0.jar:/Users/jannispoltier/.m2/repository/org/camunda/feel/feel-engine/1.18.1/feel-engine-1.18.1.jar:/Users/jannispoltier/.m2/repository/com/lihaoyi/fastparse_2.13/3.1.1/fastparse_2.13-3.1.1.jar:/Users/jannispoltier/.m2/repository/com/lihaoyi/sourcecode_2.13/0.4.0/sourcecode_2.13-0.4.0.jar:/Users/jannispoltier/.m2/repository/com/lihaoyi/geny_2.13/1.1.0/geny_2.13-1.1.0.jar:/Users/jannispoltier/.m2/repository/com/fasterxml/uuid/java-uuid-generator/5.1.0/java-uuid-generator-5.1.0.jar:/Users/jannispoltier/.m2/repository/org/springframework/security/spring-security-crypto/6.4.1/spring-security-crypto-6.4.1.jar:/Users/jannispoltier/.m2/repository/io/camunda/zeebe-scheduler/8.6.6/zeebe-scheduler-8.6.6.jar:/Users/jannispoltier/.m2/repository/org/jetbrains/annotations/24.1.0/annotations-24.1.0.jar:/Users/jannispoltier/.m2/repository/io/camunda/zeebe-util/8.6.6/zeebe-util-8.6.6.jar:/Users/jannispoltier/.m2/repository/org/apache/logging/log4j/log4j-api/2.24.1/log4j-api-2.24.1.jar:/Users/jannispoltier/.m2/repository/org/apache/logging/log4j/log4j-core/2.24.1/log4j-core-2.24.1.jar:/Users/jannispoltier/.m2/repository/io/camunda/zeebe-logstreams/8.6.6/zeebe-logstreams-8.6.6.jar:/Users/jannispoltier/.m2/repository/com/netflix/concurrency-limits/concurrency-limits-core/0.5.3/concurrency-limits-core-0.5.3.jar:/Users/jannispoltier/.m2/repository/com/fasterxml/jackson/datatype/jackson-datatype-jsr310/2.18.1/jackson-datatype-jsr310-2.18.1.jar:/Users/jannispoltier/.m2/repository/io/camunda/zeebe-protocol-jackson/8.6.6/zeebe-protocol-jackson-8.6.6.jar:/Users/jannispoltier/.m2/repository/io/camunda/zeebe-db/8.6.6/zeebe-db-8.6.6.jar:/Users/jannispoltier/.m2/repository/io/camunda/zeebe-snapshots/8.6.6/zeebe-snapshots-8.6.6.jar:/Users/jannispoltier/.m2/repository/org/rocksdb/rocksdbjni/9.4.0/rocksdbjni-9.4.0.jar:/Users/jannispoltier/.m2/repository/io/camunda/zeebe-stream-platform/8.6.6/zeebe-stream-platform-8.6.6.jar:/Users/jannispoltier/.m2/repository/io/camunda/zeebe-protocol-impl/8.6.6/zeebe-protocol-impl-8.6.6.jar:/Users/jannispoltier/.m2/repository/org/msgpack/jackson-dataformat-msgpack/0.9.8/jackson-dataformat-msgpack-0.9.8.jar:/Users/jannispoltier/.m2/repository/org/msgpack/msgpack-core/0.9.8/msgpack-core-0.9.8.jar:/Users/jannispoltier/.m2/repository/org/springframework/spring-context/6.2.0/spring-context-6.2.0.jar:/Users/jannispoltier/.m2/repository/org/springframework/spring-aop/6.2.0/spring-aop-6.2.0.jar:/Users/jannispoltier/.m2/repository/org/springframework/spring-expression/6.2.0/spring-expression-6.2.0.jar:/Users/jannispoltier/.m2/repository/io/micrometer/micrometer-observation/1.14.1/micrometer-observation-1.14.1.jar:/Users/jannispoltier/.m2/repository/org/springframework/spring-beans/6.2.0/spring-beans-6.2.0.jar:/Users/jannispoltier/.m2/repository/com/fasterxml/jackson/core/jackson-databind/2.18.1/jackson-databind-2.18.1.jar:/Users/jannispoltier/.m2/repository/com/fasterxml/jackson/core/jackson-annotations/2.18.1/jackson-annotations-2.18.1.jar:/Users/jannispoltier/.m2/repository/org/apache/httpcomponents/client5/httpclient5/5.4.1/httpclient5-5.4.1.jar:/Users/jannispoltier/.m2/repository/org/apache/httpcomponents/core5/httpcore5-h2/5.3.1/httpcore5-h2-5.3.1.jar:/Users/jannispoltier/.m2/repository/org/apache/commons/commons-lang3/3.17.0/commons-lang3-3.17.0.jar:/Users/jannispoltier/.m2/repository/com/fasterxml/jackson/core/jackson-core/2.18.1/jackson-core-2.18.1.jar:/Users/jannispoltier/.m2/repository/io/micrometer/micrometer-core/1.14.1/micrometer-core-1.14.1.jar:/Users/jannispoltier/.m2/repository/io/micrometer/micrometer-commons/1.14.1/micrometer-commons-1.14.1.jar:/Users/jannispoltier/.m2/repository/org/hdrhistogram/HdrHistogram/2.2.2/HdrHistogram-2.2.2.jar:/Users/jannispoltier/.m2/repository/org/latencyutils/LatencyUtils/2.0.3/LatencyUtils-2.0.3.jar:/Users/jannispoltier/.m2/repository/io/camunda/zeebe-gateway-protocol-impl/8.6.6/zeebe-gateway-protocol-impl-8.6.6.jar:/Users/jannispoltier/.m2/repository/io/grpc/grpc-protobuf/1.68.2/grpc-protobuf-1.68.2.jar:/Users/jannispoltier/.m2/repository/com/google/api/grpc/proto-google-common-protos/2.41.0/proto-google-common-protos-2.41.0.jar:/Users/jannispoltier/.m2/repository/io/grpc/grpc-protobuf-lite/1.68.2/grpc-protobuf-lite-1.68.2.jar:/Users/jannispoltier/.m2/repository/org/springframework/boot/spring-boot-actuator-autoconfigure/3.4.0/spring-boot-actuator-autoconfigure-3.4.0.jar:/Users/jannispoltier/.m2/repository/org/springframework/boot/spring-boot-actuator/3.4.0/spring-boot-actuator-3.4.0.jar:/Users/jannispoltier/.m2/repository/io/grpc/grpc-api/1.68.2/grpc-api-1.68.2.jar:/Users/jannispoltier/.m2/repository/com/google/errorprone/error_prone_annotations/2.28.0/error_prone_annotations-2.28.0.jar:/Users/jannispoltier/.m2/repository/commons-beanutils/commons-beanutils/1.9.4/commons-beanutils-1.9.4.jar:/Users/jannispoltier/.m2/repository/commons-logging/commons-logging/1.2/commons-logging-1.2.jar:/Users/jannispoltier/.m2/repository/io/camunda/zeebe-client-java/8.6.6/zeebe-client-java-8.6.6.jar:/Users/jannispoltier/.m2/repository/io/camunda/zeebe-bpmn-model/8.6.6/zeebe-bpmn-model-8.6.6.jar:/Users/jannispoltier/.m2/repository/com/google/code/findbugs/jsr305/3.0.2/jsr305-3.0.2.jar:/Users/jannispoltier/.m2/repository/org/apache/httpcomponents/core5/httpcore5/5.3.1/httpcore5-5.3.1.jar:/Users/jannispoltier/.m2/repository/io/grpc/grpc-stub/1.68.2/grpc-stub-1.68.2.jar:/Users/jannispoltier/.m2/repository/io/grpc/grpc-core/1.68.2/grpc-core-1.68.2.jar:/Users/jannispoltier/.m2/repository/com/google/code/gson/gson/2.11.0/gson-2.11.0.jar:/Users/jannispoltier/.m2/repository/com/google/android/annotations/4.1.1.4/annotations-4.1.1.4.jar:/Users/jannispoltier/.m2/repository/org/codehaus/mojo/animal-sniffer-annotations/1.24/animal-sniffer-annotations-1.24.jar:/Users/jannispoltier/.m2/repository/io/perfmark/perfmark-api/0.27.0/perfmark-api-0.27.0.jar:/Users/jannispoltier/.m2/repository/io/grpc/grpc-context/1.68.2/grpc-context-1.68.2.jar:/Users/jannispoltier/.m2/repository/io/grpc/grpc-netty/1.68.2/grpc-netty-1.68.2.jar:/Users/jannispoltier/.m2/repository/io/netty/netty-codec-http2/4.1.115.Final/netty-codec-http2-4.1.115.Final.jar:/Users/jannispoltier/.m2/repository/io/netty/netty-codec-http/4.1.115.Final/netty-codec-http-4.1.115.Final.jar:/Users/jannispoltier/.m2/repository/io/netty/netty-handler-proxy/4.1.115.Final/netty-handler-proxy-4.1.115.Final.jar:/Users/jannispoltier/.m2/repository/io/netty/netty-codec-socks/4.1.115.Final/netty-codec-socks-4.1.115.Final.jar:/Users/jannispoltier/.m2/repository/io/netty/netty-transport-native-unix-common/4.1.115.Final/netty-transport-native-unix-common-4.1.115.Final.jar:/Users/jannispoltier/.m2/repository/io/grpc/grpc-util/1.68.2/grpc-util-1.68.2.jar:/Users/jannispoltier/.m2/repository/com/google/protobuf/protobuf-java/3.25.5/protobuf-java-3.25.5.jar:/Users/jannispoltier/.m2/repository/io/netty/netty-tcnative-boringssl-static/2.0.69.Final/netty-tcnative-boringssl-static-2.0.69.Final.jar:/Users/jannispoltier/.m2/repository/io/netty/netty-tcnative-classes/2.0.69.Final/netty-tcnative-classes-2.0.69.Final.jar:/Users/jannispoltier/.m2/repository/io/netty/netty-tcnative-boringssl-static/2.0.69.Final/netty-tcnative-boringssl-static-2.0.69.Final-linux-x86_64.jar:/Users/jannispoltier/.m2/repository/io/netty/netty-tcnative-boringssl-static/2.0.69.Final/netty-tcnative-boringssl-static-2.0.69.Final-linux-aarch_64.jar:/Users/jannispoltier/.m2/repository/io/netty/netty-tcnative-boringssl-static/2.0.69.Final/netty-tcnative-boringssl-static-2.0.69.Final-osx-x86_64.jar:/Users/jannispoltier/.m2/repository/io/netty/netty-tcnative-boringssl-static/2.0.69.Final/netty-tcnative-boringssl-static-2.0.69.Final-osx-aarch_64.jar:/Users/jannispoltier/.m2/repository/io/netty/netty-tcnative-boringssl-static/2.0.69.Final/netty-tcnative-boringssl-static-2.0.69.Final-windows-x86_64.jar:/Users/jannispoltier/.m2/repository/io/netty/netty-handler/4.1.115.Final/netty-handler-4.1.115.Final.jar:/Users/jannispoltier/.m2/repository/io/netty/netty-resolver/4.1.115.Final/netty-resolver-4.1.115.Final.jar:/Users/jannispoltier/.m2/repository/io/netty/netty-buffer/4.1.115.Final/netty-buffer-4.1.115.Final.jar:/Users/jannispoltier/.m2/repository/io/netty/netty-transport/4.1.115.Final/netty-transport-4.1.115.Final.jar:/Users/jannispoltier/.m2/repository/io/netty/netty-codec/4.1.115.Final/netty-codec-4.1.115.Final.jar:/Users/jannispoltier/.m2/repository/io/netty/netty-common/4.1.115.Final/netty-common-4.1.115.Final.jar:/Users/jannispoltier/.m2/repository/com/fasterxml/jackson/dataformat/jackson-dataformat-yaml/2.18.1/jackson-dataformat-yaml-2.18.1.jar:"/>
    <property name="java.vm.vendor" value="Homebrew"/>
    <property name="sun.arch.data.model" value="64"/>
    <property name="java.vendor.url" value="https://github.com/Homebrew/homebrew-core/issues"/>
    <property name="user.timezone" value="Europe/Berlin"/>
    <property name="os.name" value="Mac OS X"/>
    <property name="java.vm.specification.version" value="23"/>
    <property name="sun.java.launcher" value="SUN_STANDARD"/>
    <property name="user.country" value="US"/>
    <property name="sun.boot.library.path" value="/opt/homebrew/Cellar/openjdk/23.0.1/libexec/openjdk.jdk/Contents/Home/lib"/>
    <property name="sun.java.command" value="/Users/jannispoltier/Documents/Development/Manufacture-Supplements/target/surefire/surefirebooter-20241210215624962_3.jar /Users/jannispoltier/Documents/Development/Manufacture-Supplements/target/surefire 2024-12-10T21-56-24_922-jvmRun1 surefire-20241210215624962_1tmp surefire_0-20241210215624962_2tmp"/>
    <property name="jdk.debug" value="release"/>
    <property name="surefire.test.class.path" value="/Users/jannispoltier/Documents/Development/Manufacture-Supplements/target/test-classes:/Users/jannispoltier/Documents/Development/Manufacture-Supplements/target/classes:/Users/jannispoltier/.m2/repository/org/springframework/boot/spring-boot-starter/3.4.0/spring-boot-starter-3.4.0.jar:/Users/jannispoltier/.m2/repository/org/springframework/boot/spring-boot/3.4.0/spring-boot-3.4.0.jar:/Users/jannispoltier/.m2/repository/org/springframework/boot/spring-boot-autoconfigure/3.4.0/spring-boot-autoconfigure-3.4.0.jar:/Users/jannispoltier/.m2/repository/org/springframework/boot/spring-boot-starter-logging/3.4.0/spring-boot-starter-logging-3.4.0.jar:/Users/jannispoltier/.m2/repository/ch/qos/logback/logback-classic/1.5.12/logback-classic-1.5.12.jar:/Users/jannispoltier/.m2/repository/ch/qos/logback/logback-core/1.5.12/logback-core-1.5.12.jar:/Users/jannispoltier/.m2/repository/org/apache/logging/log4j/log4j-to-slf4j/2.24.1/log4j-to-slf4j-2.24.1.jar:/Users/jannispoltier/.m2/repository/org/slf4j/jul-to-slf4j/2.0.16/jul-to-slf4j-2.0.16.jar:/Users/jannispoltier/.m2/repository/jakarta/annotation/jakarta.annotation-api/2.1.1/jakarta.annotation-api-2.1.1.jar:/Users/jannispoltier/.m2/repository/org/springframework/spring-core/6.2.0/spring-core-6.2.0.jar:/Users/jannispoltier/.m2/repository/org/springframework/spring-jcl/6.2.0/spring-jcl-6.2.0.jar:/Users/jannispoltier/.m2/repository/org/yaml/snakeyaml/2.3/snakeyaml-2.3.jar:/Users/jannispoltier/.m2/repository/org/springframework/boot/spring-boot-starter-test/3.4.0/spring-boot-starter-test-3.4.0.jar:/Users/jannispoltier/.m2/repository/org/springframework/boot/spring-boot-test/3.4.0/spring-boot-test-3.4.0.jar:/Users/jannispoltier/.m2/repository/org/springframework/boot/spring-boot-test-autoconfigure/3.4.0/spring-boot-test-autoconfigure-3.4.0.jar:/Users/jannispoltier/.m2/repository/com/jayway/jsonpath/json-path/2.9.0/json-path-2.9.0.jar:/Users/jannispoltier/.m2/repository/jakarta/xml/bind/jakarta.xml.bind-api/4.0.2/jakarta.xml.bind-api-4.0.2.jar:/Users/jannispoltier/.m2/repository/jakarta/activation/jakarta.activation-api/2.1.3/jakarta.activation-api-2.1.3.jar:/Users/jannispoltier/.m2/repository/net/minidev/json-smart/2.5.1/json-smart-2.5.1.jar:/Users/jannispoltier/.m2/repository/net/minidev/accessors-smart/2.5.1/accessors-smart-2.5.1.jar:/Users/jannispoltier/.m2/repository/org/ow2/asm/asm/9.6/asm-9.6.jar:/Users/jannispoltier/.m2/repository/org/assertj/assertj-core/3.26.3/assertj-core-3.26.3.jar:/Users/jannispoltier/.m2/repository/net/bytebuddy/byte-buddy/1.15.10/byte-buddy-1.15.10.jar:/Users/jannispoltier/.m2/repository/org/awaitility/awaitility/4.2.2/awaitility-4.2.2.jar:/Users/jannispoltier/.m2/repository/org/hamcrest/hamcrest/2.2/hamcrest-2.2.jar:/Users/jannispoltier/.m2/repository/org/junit/jupiter/junit-jupiter/5.11.3/junit-jupiter-5.11.3.jar:/Users/jannispoltier/.m2/repository/org/junit/jupiter/junit-jupiter-api/5.11.3/junit-jupiter-api-5.11.3.jar:/Users/jannispoltier/.m2/repository/org/opentest4j/opentest4j/1.3.0/opentest4j-1.3.0.jar:/Users/jannispoltier/.m2/repository/org/junit/platform/junit-platform-commons/1.11.3/junit-platform-commons-1.11.3.jar:/Users/jannispoltier/.m2/repository/org/apiguardian/apiguardian-api/1.1.2/apiguardian-api-1.1.2.jar:/Users/jannispoltier/.m2/repository/org/junit/jupiter/junit-jupiter-params/5.11.3/junit-jupiter-params-5.11.3.jar:/Users/jannispoltier/.m2/repository/org/junit/jupiter/junit-jupiter-engine/5.11.3/junit-jupiter-engine-5.11.3.jar:/Users/jannispoltier/.m2/repository/org/junit/platform/junit-platform-engine/1.11.3/junit-platform-engine-1.11.3.jar:/Users/jannispoltier/.m2/repository/org/mockito/mockito-core/5.14.2/mockito-core-5.14.2.jar:/Users/jannispoltier/.m2/repository/net/bytebuddy/byte-buddy-agent/1.15.10/byte-buddy-agent-1.15.10.jar:/Users/jannispoltier/.m2/repository/org/objenesis/objenesis/3.3/objenesis-3.3.jar:/Users/jannispoltier/.m2/repository/org/mockito/mockito-junit-jupiter/5.14.2/mockito-junit-jupiter-5.14.2.jar:/Users/jannispoltier/.m2/repository/org/skyscreamer/jsonassert/1.5.3/jsonassert-1.5.3.jar:/Users/jannispoltier/.m2/repository/com/vaadin/external/google/android-json/0.0.20131108.vaadin1/android-json-0.0.20131108.vaadin1.jar:/Users/jannispoltier/.m2/repository/org/springframework/spring-test/6.2.0/spring-test-6.2.0.jar:/Users/jannispoltier/.m2/repository/org/xmlunit/xmlunit-core/2.10.0/xmlunit-core-2.10.0.jar:/Users/jannispoltier/.m2/repository/io/camunda/spring-boot-starter-camunda-sdk/8.6.6/spring-boot-starter-camunda-sdk-8.6.6.jar:/Users/jannispoltier/.m2/repository/org/slf4j/slf4j-api/2.0.16/slf4j-api-2.0.16.jar:/Users/jannispoltier/.m2/repository/io/camunda/zeebe-workflow-engine/8.6.6/zeebe-workflow-engine-8.6.6.jar:/Users/jannispoltier/.m2/repository/org/agrona/agrona/1.23.1/agrona-1.23.1.jar:/Users/jannispoltier/.m2/repository/io/camunda/zeebe-protocol/8.6.6/zeebe-protocol-8.6.6.jar:/Users/jannispoltier/.m2/repository/io/camunda/zeebe-msgpack-core/8.6.6/zeebe-msgpack-core-8.6.6.jar:/Users/jannispoltier/.m2/repository/io/camunda/zeebe-expression-language/8.6.6/zeebe-expression-language-8.6.6.jar:/Users/jannispoltier/.m2/repository/io/camunda/zeebe-feel-integration/8.6.6/zeebe-feel-integration-8.6.6.jar:/Users/jannispoltier/.m2/repository/org/scala-lang/scala-library/2.13.15/scala-library-2.13.15.jar:/Users/jannispoltier/.m2/repository/io/camunda/zeebe-dmn/8.6.6/zeebe-dmn-8.6.6.jar:/Users/jannispoltier/.m2/repository/io/camunda/zeebe-msgpack-value/8.6.6/zeebe-msgpack-value-8.6.6.jar:/Users/jannispoltier/.m2/repository/io/camunda/zeebe-auth/8.6.6/zeebe-auth-8.6.6.jar:/Users/jannispoltier/.m2/repository/com/auth0/java-jwt/4.4.0/java-jwt-4.4.0.jar:/Users/jannispoltier/.m2/repository/org/camunda/bpm/model/camunda-xml-model/7.22.0/camunda-xml-model-7.22.0.jar:/Users/jannispoltier/.m2/repository/org/camunda/bpm/model/camunda-dmn-model/7.22.0/camunda-dmn-model-7.22.0.jar:/Users/jannispoltier/.m2/repository/org/camunda/bpm/extension/dmn/scala/dmn-engine/1.10.0/dmn-engine-1.10.0.jar:/Users/jannispoltier/.m2/repository/io/prometheus/simpleclient/0.16.0/simpleclient-0.16.0.jar:/Users/jannispoltier/.m2/repository/io/prometheus/simpleclient_tracer_otel/0.16.0/simpleclient_tracer_otel-0.16.0.jar:/Users/jannispoltier/.m2/repository/io/prometheus/simpleclient_tracer_common/0.16.0/simpleclient_tracer_common-0.16.0.jar:/Users/jannispoltier/.m2/repository/io/prometheus/simpleclient_tracer_otel_agent/0.16.0/simpleclient_tracer_otel_agent-0.16.0.jar:/Users/jannispoltier/.m2/repository/com/cronutils/cron-utils/9.2.1/cron-utils-9.2.1.jar:/Users/jannispoltier/.m2/repository/com/google/guava/guava/33.3.1-jre/guava-33.3.1-jre.jar:/Users/jannispoltier/.m2/repository/com/google/guava/failureaccess/1.0.2/failureaccess-1.0.2.jar:/Users/jannispoltier/.m2/repository/com/google/guava/listenablefuture/9999.0-empty-to-avoid-conflict-with-guava/listenablefuture-9999.0-empty-to-avoid-conflict-with-guava.jar:/Users/jannispoltier/.m2/repository/org/checkerframework/checker-qual/3.43.0/checker-qual-3.43.0.jar:/Users/jannispoltier/.m2/repository/com/google/j2objc/j2objc-annotations/3.0.0/j2objc-annotations-3.0.0.jar:/Users/jannispoltier/.m2/repository/org/camunda/feel/feel-engine/1.18.1/feel-engine-1.18.1.jar:/Users/jannispoltier/.m2/repository/com/lihaoyi/fastparse_2.13/3.1.1/fastparse_2.13-3.1.1.jar:/Users/jannispoltier/.m2/repository/com/lihaoyi/sourcecode_2.13/0.4.0/sourcecode_2.13-0.4.0.jar:/Users/jannispoltier/.m2/repository/com/lihaoyi/geny_2.13/1.1.0/geny_2.13-1.1.0.jar:/Users/jannispoltier/.m2/repository/com/fasterxml/uuid/java-uuid-generator/5.1.0/java-uuid-generator-5.1.0.jar:/Users/jannispoltier/.m2/repository/org/springframework/security/spring-security-crypto/6.4.1/spring-security-crypto-6.4.1.jar:/Users/jannispoltier/.m2/repository/io/camunda/zeebe-scheduler/8.6.6/zeebe-scheduler-8.6.6.jar:/Users/jannispoltier/.m2/repository/org/jetbrains/annotations/24.1.0/annotations-24.1.0.jar:/Users/jannispoltier/.m2/repository/io/camunda/zeebe-util/8.6.6/zeebe-util-8.6.6.jar:/Users/jannispoltier/.m2/repository/org/apache/logging/log4j/log4j-api/2.24.1/log4j-api-2.24.1.jar:/Users/jannispoltier/.m2/repository/org/apache/logging/log4j/log4j-core/2.24.1/log4j-core-2.24.1.jar:/Users/jannispoltier/.m2/repository/io/camunda/zeebe-logstreams/8.6.6/zeebe-logstreams-8.6.6.jar:/Users/jannispoltier/.m2/repository/com/netflix/concurrency-limits/concurrency-limits-core/0.5.3/concurrency-limits-core-0.5.3.jar:/Users/jannispoltier/.m2/repository/com/fasterxml/jackson/datatype/jackson-datatype-jsr310/2.18.1/jackson-datatype-jsr310-2.18.1.jar:/Users/jannispoltier/.m2/repository/io/camunda/zeebe-protocol-jackson/8.6.6/zeebe-protocol-jackson-8.6.6.jar:/Users/jannispoltier/.m2/repository/io/camunda/zeebe-db/8.6.6/zeebe-db-8.6.6.jar:/Users/jannispoltier/.m2/repository/io/camunda/zeebe-snapshots/8.6.6/zeebe-snapshots-8.6.6.jar:/Users/jannispoltier/.m2/repository/org/rocksdb/rocksdbjni/9.4.0/rocksdbjni-9.4.0.jar:/Users/jannispoltier/.m2/repository/io/camunda/zeebe-stream-platform/8.6.6/zeebe-stream-platform-8.6.6.jar:/Users/jannispoltier/.m2/repository/io/camunda/zeebe-protocol-impl/8.6.6/zeebe-protocol-impl-8.6.6.jar:/Users/jannispoltier/.m2/repository/org/msgpack/jackson-dataformat-msgpack/0.9.8/jackson-dataformat-msgpack-0.9.8.jar:/Users/jannispoltier/.m2/repository/org/msgpack/msgpack-core/0.9.8/msgpack-core-0.9.8.jar:/Users/jannispoltier/.m2/repository/org/springframework/spring-context/6.2.0/spring-context-6.2.0.jar:/Users/jannispoltier/.m2/repository/org/springframework/spring-aop/6.2.0/spring-aop-6.2.0.jar:/Users/jannispoltier/.m2/repository/org/springframework/spring-expression/6.2.0/spring-expression-6.2.0.jar:/Users/jannispoltier/.m2/repository/io/micrometer/micrometer-observation/1.14.1/micrometer-observation-1.14.1.jar:/Users/jannispoltier/.m2/repository/org/springframework/spring-beans/6.2.0/spring-beans-6.2.0.jar:/Users/jannispoltier/.m2/repository/com/fasterxml/jackson/core/jackson-databind/2.18.1/jackson-databind-2.18.1.jar:/Users/jannispoltier/.m2/repository/com/fasterxml/jackson/core/jackson-annotations/2.18.1/jackson-annotations-2.18.1.jar:/Users/jannispoltier/.m2/repository/org/apache/httpcomponents/client5/httpclient5/5.4.1/httpclient5-5.4.1.jar:/Users/jannispoltier/.m2/repository/org/apache/httpcomponents/core5/httpcore5-h2/5.3.1/httpcore5-h2-5.3.1.jar:/Users/jannispoltier/.m2/repository/org/apache/commons/commons-lang3/3.17.0/commons-lang3-3.17.0.jar:/Users/jannispoltier/.m2/repository/com/fasterxml/jackson/core/jackson-core/2.18.1/jackson-core-2.18.1.jar:/Users/jannispoltier/.m2/repository/io/micrometer/micrometer-core/1.14.1/micrometer-core-1.14.1.jar:/Users/jannispoltier/.m2/repository/io/micrometer/micrometer-commons/1.14.1/micrometer-commons-1.14.1.jar:/Users/jannispoltier/.m2/repository/org/hdrhistogram/HdrHistogram/2.2.2/HdrHistogram-2.2.2.jar:/Users/jannispoltier/.m2/repository/org/latencyutils/LatencyUtils/2.0.3/LatencyUtils-2.0.3.jar:/Users/jannispoltier/.m2/repository/io/camunda/zeebe-gateway-protocol-impl/8.6.6/zeebe-gateway-protocol-impl-8.6.6.jar:/Users/jannispoltier/.m2/repository/io/grpc/grpc-protobuf/1.68.2/grpc-protobuf-1.68.2.jar:/Users/jannispoltier/.m2/repository/com/google/api/grpc/proto-google-common-protos/2.41.0/proto-google-common-protos-2.41.0.jar:/Users/jannispoltier/.m2/repository/io/grpc/grpc-protobuf-lite/1.68.2/grpc-protobuf-lite-1.68.2.jar:/Users/jannispoltier/.m2/repository/org/springframework/boot/spring-boot-actuator-autoconfigure/3.4.0/spring-boot-actuator-autoconfigure-3.4.0.jar:/Users/jannispoltier/.m2/repository/org/springframework/boot/spring-boot-actuator/3.4.0/spring-boot-actuator-3.4.0.jar:/Users/jannispoltier/.m2/repository/io/grpc/grpc-api/1.68.2/grpc-api-1.68.2.jar:/Users/jannispoltier/.m2/repository/com/google/errorprone/error_prone_annotations/2.28.0/error_prone_annotations-2.28.0.jar:/Users/jannispoltier/.m2/repository/commons-beanutils/commons-beanutils/1.9.4/commons-beanutils-1.9.4.jar:/Users/jannispoltier/.m2/repository/commons-logging/commons-logging/1.2/commons-logging-1.2.jar:/Users/jannispoltier/.m2/repository/io/camunda/zeebe-client-java/8.6.6/zeebe-client-java-8.6.6.jar:/Users/jannispoltier/.m2/repository/io/camunda/zeebe-bpmn-model/8.6.6/zeebe-bpmn-model-8.6.6.jar:/Users/jannispoltier/.m2/repository/com/google/code/findbugs/jsr305/3.0.2/jsr305-3.0.2.jar:/Users/jannispoltier/.m2/repository/org/apache/httpcomponents/core5/httpcore5/5.3.1/httpcore5-5.3.1.jar:/Users/jannispoltier/.m2/repository/io/grpc/grpc-stub/1.68.2/grpc-stub-1.68.2.jar:/Users/jannispoltier/.m2/repository/io/grpc/grpc-core/1.68.2/grpc-core-1.68.2.jar:/Users/jannispoltier/.m2/repository/com/google/code/gson/gson/2.11.0/gson-2.11.0.jar:/Users/jannispoltier/.m2/repository/com/google/android/annotations/4.1.1.4/annotations-4.1.1.4.jar:/Users/jannispoltier/.m2/repository/org/codehaus/mojo/animal-sniffer-annotations/1.24/animal-sniffer-annotations-1.24.jar:/Users/jannispoltier/.m2/repository/io/perfmark/perfmark-api/0.27.0/perfmark-api-0.27.0.jar:/Users/jannispoltier/.m2/repository/io/grpc/grpc-context/1.68.2/grpc-context-1.68.2.jar:/Users/jannispoltier/.m2/repository/io/grpc/grpc-netty/1.68.2/grpc-netty-1.68.2.jar:/Users/jannispoltier/.m2/repository/io/netty/netty-codec-http2/4.1.115.Final/netty-codec-http2-4.1.115.Final.jar:/Users/jannispoltier/.m2/repository/io/netty/netty-codec-http/4.1.115.Final/netty-codec-http-4.1.115.Final.jar:/Users/jannispoltier/.m2/repository/io/netty/netty-handler-proxy/4.1.115.Final/netty-handler-proxy-4.1.115.Final.jar:/Users/jannispoltier/.m2/repository/io/netty/netty-codec-socks/4.1.115.Final/netty-codec-socks-4.1.115.Final.jar:/Users/jannispoltier/.m2/repository/io/netty/netty-transport-native-unix-common/4.1.115.Final/netty-transport-native-unix-common-4.1.115.Final.jar:/Users/jannispoltier/.m2/repository/io/grpc/grpc-util/1.68.2/grpc-util-1.68.2.jar:/Users/jannispoltier/.m2/repository/com/google/protobuf/protobuf-java/3.25.5/protobuf-java-3.25.5.jar:/Users/jannispoltier/.m2/repository/io/netty/netty-tcnative-boringssl-static/2.0.69.Final/netty-tcnative-boringssl-static-2.0.69.Final.jar:/Users/jannispoltier/.m2/repository/io/netty/netty-tcnative-classes/2.0.69.Final/netty-tcnative-classes-2.0.69.Final.jar:/Users/jannispoltier/.m2/repository/io/netty/netty-tcnative-boringssl-static/2.0.69.Final/netty-tcnative-boringssl-static-2.0.69.Final-linux-x86_64.jar:/Users/jannispoltier/.m2/repository/io/netty/netty-tcnative-boringssl-static/2.0.69.Final/netty-tcnative-boringssl-static-2.0.69.Final-linux-aarch_64.jar:/Users/jannispoltier/.m2/repository/io/netty/netty-tcnative-boringssl-static/2.0.69.Final/netty-tcnative-boringssl-static-2.0.69.Final-osx-x86_64.jar:/Users/jannispoltier/.m2/repository/io/netty/netty-tcnative-boringssl-static/2.0.69.Final/netty-tcnative-boringssl-static-2.0.69.Final-osx-aarch_64.jar:/Users/jannispoltier/.m2/repository/io/netty/netty-tcnative-boringssl-static/2.0.69.Final/netty-tcnative-boringssl-static-2.0.69.Final-windows-x86_64.jar:/Users/jannispoltier/.m2/repository/io/netty/netty-handler/4.1.115.Final/netty-handler-4.1.115.Final.jar:/Users/jannispoltier/.m2/repository/io/netty/netty-resolver/4.1.115.Final/netty-resolver-4.1.115.Final.jar:/Users/jannispoltier/.m2/repository/io/netty/netty-buffer/4.1.115.Final/netty-buffer-4.1.115.Final.jar:/Users/jannispoltier/.m2/repository/io/netty/netty-transport/4.1.115.Final/netty-transport-4.1.115.Final.jar:/Users/jannispoltier/.m2/repository/io/netty/netty-codec/4.1.115.Final/netty-codec-4.1.115.Final.jar:/Users/jannispoltier/.m2/repository/io/netty/netty-common/4.1.115.Final/netty-common-4.1.115.Final.jar:/Users/jannispoltier/.m2/repository/com/fasterxml/jackson/dataformat/jackson-dataformat-yaml/2.18.1/jackson-dataformat-yaml-2.18.1.jar:"/>
    <property name="sun.cpu.endian" value="little"/>
    <property name="user.home" value="/Users/jannispoltier"/>
    <property name="user.language" value="en"/>
    <property name="java.specification.vendor" value="Oracle Corporation"/>
    <property name="java.version.date" value="2024-10-15"/>
    <property name="java.home" value="/opt/homebrew/Cellar/openjdk/23.0.1/libexec/openjdk.jdk/Contents/Home"/>
    <property name="file.separator" value="/"/>
    <property name="basedir" value="/Users/jannispoltier/Documents/Development/Manufacture-Supplements"/>
    <property name="java.vm.compressedOopsMode" value="Zero based"/>
    <property name="line.separator" value="&#10;"/>
    <property name="java.vm.specification.vendor" value="Oracle Corporation"/>
    <property name="java.specification.name" value="Java Platform API Specification"/>
    <property name="apple.awt.application.name" value="ForkedBooter"/>
    <property name="surefire.real.class.path" value="/Users/jannispoltier/Documents/Development/Manufacture-Supplements/target/surefire/surefirebooter-20241210215624962_3.jar"/>
    <property name="sun.management.compiler" value="HotSpot 64-Bit Tiered Compilers"/>
    <property name="java.runtime.version" value="23.0.1"/>
    <property name="user.name" value="jannispoltier"/>
    <property name="stdout.encoding" value="UTF-8"/>
    <property name="path.separator" value=":"/>
    <property name="os.version" value="15.1.1"/>
    <property name="java.runtime.name" value="OpenJDK Runtime Environment"/>
    <property name="file.encoding" value="UTF-8"/>
    <property name="java.vm.name" value="OpenJDK 64-Bit Server VM"/>
    <property name="java.vendor.version" value="Homebrew"/>
    <property name="localRepository" value="/Users/jannispoltier/.m2/repository"/>
    <property name="java.vendor.url.bug" value="https://github.com/Homebrew/homebrew-core/issues"/>
    <property name="java.io.tmpdir" value="/var/folders/zt/7g02ttbd2gj6dq2_hksdr21r0000gn/T/"/>
    <property name="java.version" value="23.0.1"/>
    <property name="user.dir" value="/Users/jannispoltier/Documents/Development/Manufacture-Supplements"/>
    <property name="os.arch" value="aarch64"/>
    <property name="java.vm.specification.name" value="Java Virtual Machine Specification"/>
    <property name="native.encoding" value="UTF-8"/>
    <property name="java.library.path" value="/Users/jannispoltier/Library/Java/Extensions:/Library/Java/Extensions:/Network/Library/Java/Extensions:/System/Library/Java/Extensions:/usr/lib/java:."/>
    <property name="java.vm.info" value="mixed mode, sharing"/>
    <property name="stderr.encoding" value="UTF-8"/>
    <property name="java.vendor" value="Homebrew"/>
    <property name="java.vm.version" value="23.0.1"/>
    <property name="sun.io.unicode.encoding" value="UnicodeBig"/>
    <property name="java.class.version" value="67.0"/>
  </properties>
  <testcase name="" classname="io.camunda.hu.exercise.manufacture_supplements.ManufactureSupplementsApplicationTests" time="0.131">
    <error message="Unable to find a @SpringBootConfiguration, you need to use @ContextConfiguration or @SpringBootTest(classes=...) with your test" type="java.lang.IllegalStateException"><![CDATA[java.lang.IllegalStateException: Unable to find a @SpringBootConfiguration, you need to use @ContextConfiguration or @SpringBootTest(classes=...) with your test
	at org.springframework.util.Assert.state(Assert.java:79)
	at org.springframework.boot.test.context.SpringBootTestContextBootstrapper.findConfigurationClass(SpringBootTestContextBootstrapper.java:246)
	at org.springframework.boot.test.context.SpringBootTestContextBootstrapper.getOrFindConfigurationClasses(SpringBootTestContextBootstrapper.java:233)
	at org.springframework.boot.test.context.SpringBootTestContextBootstrapper.processMergedContextConfiguration(SpringBootTestContextBootstrapper.java:150)
	at org.springframework.test.context.support.AbstractTestContextBootstrapper.buildMergedContextConfiguration(AbstractTestContextBootstrapper.java:351)
	at org.springframework.test.context.support.AbstractTestContextBootstrapper.buildDefaultMergedContextConfiguration(AbstractTestContextBootstrapper.java:267)
	at org.springframework.test.context.support.AbstractTestContextBootstrapper.buildMergedContextConfiguration(AbstractTestContextBootstrapper.java:215)
	at org.springframework.test.context.support.AbstractTestContextBootstrapper.buildTestContext(AbstractTestContextBootstrapper.java:108)
	at org.springframework.boot.test.context.SpringBootTestContextBootstrapper.buildTestContext(SpringBootTestContextBootstrapper.java:111)
	at org.springframework.test.context.TestContextManager.<init>(TestContextManager.java:142)
	at org.springframework.test.context.TestContextManager.<init>(TestContextManager.java:126)
	at org.springframework.test.context.junit.jupiter.SpringExtension.getTestContextManager(SpringExtension.java:363)
	at org.springframework.test.context.junit.jupiter.SpringExtension.beforeAll(SpringExtension.java:128)
	at java.base/java.util.ArrayList.forEach(ArrayList.java:1597)
]]></error>
    <system-out><![CDATA[21:56:25.302 [main] INFO org.springframework.test.context.support.AnnotationConfigContextLoaderUtils -- Could not detect default configuration classes for test class [io.camunda.hu.exercise.manufacture_supplements.ManufactureSupplementsApplicationTests]: ManufactureSupplementsApplicationTests does not declare any static, non-private, non-final, nested classes annotated with @Configuration.
]]></system-out>
  </testcase>
</testsuite>